<?xml version="1.0" encoding="UTF-8"?>
<testng-results ignored="0" total="1" passed="1" failed="0" skipped="0">
  <reporter-output>
    <line>
      <![CDATA[Setup the reports and Test is getting ready]]>
    </line>
    <line>
      <![CDATA[Setup Done- Test Can be Started]]>
    </line>
    <line>
      <![CDATA[Trying to start the browser and application ready ]]>
    </line>
    <line>
      <![CDATA[Browser and Application are startup and running]]>
    </line>
    <line>
      <![CDATA[Test is about to end]]>
    </line>
    <line>
      <![CDATA[Tested Completed>>>> Report Generated]]>
    </line>
  </reporter-output>
  <suite started-at="2024-01-11T14:33:15 IST" name="Default suite" finished-at="2024-01-11T14:34:03 IST" duration-ms="48369">
    <groups>
    </groups>
    <test started-at="2024-01-11T14:33:15 IST" name="Default test" finished-at="2024-01-11T14:34:03 IST" duration-ms="48369">
      <class name="com.learnautomation.testcases.LoginTestCRM">
        <test-method is-config="true" signature="setUpSuit()[pri:0, instance:com.learnautomation.testcases.LoginTestCRM@2df6226d]" started-at="2024-01-11T14:33:14 IST" name="setUpSuit" finished-at="2024-01-11T14:33:15 IST" duration-ms="962" status="PASS">
          <reporter-output>
            <line>
              <![CDATA[Setup the reports and Test is getting ready]]>
            </line>
            <line>
              <![CDATA[Setup Done- Test Can be Started]]>
            </line>
          </reporter-output>
        </test-method> <!-- setUpSuit -->
        <test-method is-config="true" signature="setup(java.lang.String,java.lang.String)[pri:0, instance:com.learnautomation.testcases.LoginTestCRM@2df6226d]" started-at="2024-01-11T14:33:15 IST" name="setup" finished-at="2024-01-11T14:33:32 IST" duration-ms="17015" status="PASS">
          <params>
            <param index="0">
              <value is-null="true"/>
            </param>
            <param index="1">
              <value is-null="true"/>
            </param>
          </params>
          <reporter-output>
            <line>
              <![CDATA[Trying to start the browser and application ready ]]>
            </line>
            <line>
              <![CDATA[Browser and Application are startup and running]]>
            </line>
          </reporter-output>
        </test-method> <!-- setup -->
        <test-method signature="loginApp()[pri:1, instance:com.learnautomation.testcases.LoginTestCRM@2df6226d]" started-at="2024-01-11T14:33:32 IST" name="loginApp" finished-at="2024-01-11T14:34:03 IST" duration-ms="30627" status="PASS">
          <reporter-output>
          </reporter-output>
        </test-method> <!-- loginApp -->
        <test-method is-config="true" signature="teardownMethod(org.testng.ITestResult)[pri:0, instance:com.learnautomation.testcases.LoginTestCRM@2df6226d]" started-at="2024-01-11T14:34:03 IST" name="teardownMethod" finished-at="2024-01-11T14:34:03 IST" duration-ms="449" status="PASS">
          <params>
            <param index="0">
              <value>
                <![CDATA[[TestResult name=loginApp status=SUCCESS method=LoginTestCRM.loginApp()[pri:1, instance:com.learnautomation.testcases.LoginTestCRM@2df6226d] output={null}]]]>
              </value>
            </param>
          </params>
          <reporter-output>
            <line>
              <![CDATA[Test is about to end]]>
            </line>
            <line>
              <![CDATA[Tested Completed>>>> Report Generated]]>
            </line>
          </reporter-output>
        </test-method> <!-- teardownMethod -->
        <test-method is-config="true" signature="tearDown()[pri:0, instance:com.learnautomation.testcases.LoginTestCRM@2df6226d]" started-at="2024-01-11T14:34:03 IST" name="tearDown" finished-at="2024-01-11T14:34:03 IST" duration-ms="227" status="PASS">
          <reporter-output>
          </reporter-output>
        </test-method> <!-- tearDown -->
      </class> <!-- com.learnautomation.testcases.LoginTestCRM -->
    </test> <!-- Default test -->
  </suite> <!-- Default suite -->
</testng-results>
