<?xml version="1.0" encoding="UTF-8"?>
<!-- Generated by org.testng.reporters.JUnitXMLReporter -->
<testsuite ignored="0" hostname="DESKTOP-EQUNUBD" failures="0" tests="2" name="Test" time="0.09" errors="0" timestamp="2024-01-11T20:53:26 IST">
  <testcase classname="com.learnautomation.pages.BaseClass" name="@BeforeClass setup" time="0.009">
    <failure type="java.lang.NullPointerException" message="Cannot invoke &amp;quot;String.equals(Object)&amp;quot; because &amp;quot;browserName&amp;quot; is null">
      <![CDATA[java.lang.NullPointerException: Cannot invoke "String.equals(Object)" because "browserName" is null
at com.learnautomation.utility.BrowserFactory.startApplication(BrowserFactory.java:16)
at com.learnautomation.pages.BaseClass.setup(BaseClass.java:58)
at java.base/java.util.ArrayList.forEach(ArrayList.java:1596)
... Removed 23 stack frames]]>
    </failure>
  </testcase> <!-- @BeforeClass setup -->
  <testcase classname="com.learnautomation.pages.BaseClass" name="@AfterMethod teardownMethod" time="0.0">
    <skipped/>
  </testcase> <!-- @AfterMethod teardownMethod -->
  <testcase classname="com.learnautomation.pages.BaseClass" name="@AfterMethod teardownMethod" time="0.0">
    <skipped/>
  </testcase> <!-- @AfterMethod teardownMethod -->
  <testcase classname="com.learnautomation.pages.BaseClass" name="@AfterClass tearDown" time="0.0">
    <skipped/>
  </testcase> <!-- @AfterClass tearDown -->
  <testcase classname="com.learnautomation.testcases.LoginTestCRM" name="loginApp" time="0.0">
    <skipped/>
  </testcase> <!-- loginApp -->
  <testcase classname="com.learnautomation.testcases.LoginTestCRM" name="loginApp1" time="0.0">
    <skipped/>
  </testcase> <!-- loginApp1 -->
</testsuite> <!-- Test -->
