<?xml version="1.0" encoding="UTF-8"?>
<!-- Generated by org.testng.reporters.JUnitXMLReporter -->
<testsuite ignored="1" hostname="DESKTOP-EQUNUBD" failures="0" tests="1" name="Default test" time="48.369" errors="0" timestamp="2024-01-11T14:34:03 IST">
  <testcase classname="com.learnautomation.testcases.LoginTestCRM" name="loginApp" time="30.627"/>
  <testcase classname="com.learnautomation.testcases.LoginTestCRM" name="loginApp1" time="0.0">
    <ignored/>
  </testcase> <!-- loginApp1 -->
</testsuite> <!-- Default test -->
